<?xml version="1.0" encoding="UTF-8"?>
<!-- Generated by org.testng.reporters.JUnitReportReporter -->
<testsuite hostname="szwue2vdengp060" failures="0" tests="1" name="com.shawclaimx.ui.claiminitiation.tests.ClaimInitiationHappyPathTest" time="138.079" errors="0" timestamp="2024-05-24T13:23:38 IST" skipped="0">
  <testcase classname="com.shawclaimx.ui.claiminitiation.tests.ClaimInitiationHappyPathTest" name="verifyClaimInitiationTestPage" time="138.079">
    <system-out>
      <![CDATA[customerdetails information loaded Successfully for the selected customer #0215559
Reason code (D01 - YARN STREAKS - LENGTH WISE) selected successfully
Jobstop,add to watchlist toggle selected successfully
Continue Initiation button is clicked successfully & Prior claim summary screen is  getting displayed
Continue Initiation button is clicked successfully in the prior claim summary dialog box
Data entered successfully in the confidential claim notes text box
Claim is successfully initiated after clicking the  Initiation claim button 
Claim window is successfully closed 
InitiateClaimPage home page is redirected successfully 
All customerdetails informations loaded Successfully for the selected store number
Particular customerdetails information loaded Successfully for the selected store number 
Reason code (D01 - YARN STREAKS - LENGTH WISE) selected successfully
Jobstop,add to watchlist toggle selected successfully
Continue Initiation button is clicked successfully & Prior claim summary screen is  getting displayed
Continue Initiation button is clicked successfully in the prior claim summary dialog box
Data entered successfully in the confidential claim notes text box
Claim is successfully initiated after clicking the  Initiation claim button 
Claim window is successfully closed 
InitiateClaimPage home page is redirected successfully 
customerdetails information loaded Successfully for the selected customer #0215559
Invoice dialog box loaded Successfully for the selected customer number 
Particular invoice  information loaded Successfully for the selected customer number 
Reason code (D01 - YARN STREAKS - LENGTH WISE) selected successfully
Jobstop,add to watchlist toggle selected successfully
Continue Initiation button is clicked successfully & Prior claim summary screen is  getting displayed
Continue Initiation button is clicked successfully in the prior claim summary dialog box
Data entered is entered successfully in the confidential claim notes text box
Claim is successfully initiated after clicking the  Initiation claim button 
Claim window is successfully closed 
InitiateClaimPage home page is redirected successfully 
Reason code (D01 - YARN STREAKS - LENGTH WISE) selected successfully
Jobstop,add to watchlist toggle selected successfully
End User Claim or Customer Number Not Available button is Enabled
Initiate The Claim As End User Claim is confirmed
AddEditEndUserInformationButton is Selected
Firstname entered successfully
Middlename entered successfully
Lastname entered successfully
Companyname entered successfully
Email Address entered successfully
Addressline1 entered successfully
Addressline2 entered successfully
state is selected successfully
city  entered successfully
county entered successfully
postalcode is entered successfully
phoneBusinessNumber entered successfully
phoneBusinessNumber extension entered successfully
phoneHomeNumber entered successfully
phoneHomeNumber extension entered successfully
PhoneCellNumber  entered successfully
PhoneCellNumber extension  entered successfully
ADD button is  clicked successfully
Continue Initiation button is clicked successfully & Prior claim summary screen is  getting displayed
Continue Initiation button is clicked successfully in the prior claim summary dialog box
Data entered successfully in the confidential claim notes text box
Claim is successfully initiated after clicking the  Initiation claim button 
Claim window is successfully closed 
InitiateClaimPage home page is redirected successfully 
Claim initiation Test  Passed Successfully ]]>
    </system-out>
  </testcase> <!-- verifyClaimInitiationTestPage -->
  <system-out>
    <![CDATA[customerdetails information loaded Successfully for the selected customer #0215559
Reason code (D01 - YARN STREAKS - LENGTH WISE) selected successfully
Jobstop,add to watchlist toggle selected successfully
Continue Initiation button is clicked successfully & Prior claim summary screen is  getting displayed
Continue Initiation button is clicked successfully in the prior claim summary dialog box
Data entered successfully in the confidential claim notes text box
Claim is successfully initiated after clicking the  Initiation claim button 
Claim window is successfully closed 
InitiateClaimPage home page is redirected successfully 
All customerdetails informations loaded Successfully for the selected store number
Particular customerdetails information loaded Successfully for the selected store number 
Reason code (D01 - YARN STREAKS - LENGTH WISE) selected successfully
Jobstop,add to watchlist toggle selected successfully
Continue Initiation button is clicked successfully & Prior claim summary screen is  getting displayed
Continue Initiation button is clicked successfully in the prior claim summary dialog box
Data entered successfully in the confidential claim notes text box
Claim is successfully initiated after clicking the  Initiation claim button 
Claim window is successfully closed 
InitiateClaimPage home page is redirected successfully 
customerdetails information loaded Successfully for the selected customer #0215559
Invoice dialog box loaded Successfully for the selected customer number 
Particular invoice  information loaded Successfully for the selected customer number 
Reason code (D01 - YARN STREAKS - LENGTH WISE) selected successfully
Jobstop,add to watchlist toggle selected successfully
Continue Initiation button is clicked successfully & Prior claim summary screen is  getting displayed
Continue Initiation button is clicked successfully in the prior claim summary dialog box
Data entered is entered successfully in the confidential claim notes text box
Claim is successfully initiated after clicking the  Initiation claim button 
Claim window is successfully closed 
InitiateClaimPage home page is redirected successfully 
Reason code (D01 - YARN STREAKS - LENGTH WISE) selected successfully
Jobstop,add to watchlist toggle selected successfully
End User Claim or Customer Number Not Available button is Enabled
Initiate The Claim As End User Claim is confirmed
AddEditEndUserInformationButton is Selected
Firstname entered successfully
Middlename entered successfully
Lastname entered successfully
Companyname entered successfully
Email Address entered successfully
Addressline1 entered successfully
Addressline2 entered successfully
state is selected successfully
city  entered successfully
county entered successfully
postalcode is entered successfully
phoneBusinessNumber entered successfully
phoneBusinessNumber extension entered successfully
phoneHomeNumber entered successfully
phoneHomeNumber extension entered successfully
PhoneCellNumber  entered successfully
PhoneCellNumber extension  entered successfully
ADD button is  clicked successfully
Continue Initiation button is clicked successfully & Prior claim summary screen is  getting displayed
Continue Initiation button is clicked successfully in the prior claim summary dialog box
Data entered successfully in the confidential claim notes text box
Claim is successfully initiated after clicking the  Initiation claim button 
Claim window is successfully closed 
InitiateClaimPage home page is redirected successfully 
Claim initiation Test  Passed Successfully ]]>
  </system-out>
</testsuite> <!-- com.shawclaimx.ui.claiminitiation.tests.ClaimInitiationHappyPathTest -->
