<?xml version="1.0" encoding="UTF-8"?>
<!-- Generated by org.testng.reporters.JUnitReportReporter -->
<testsuite hostname="CGRLTPKOR111W11" failures="0" tests="1" name="com.shawcontract.ui.tests.SearchPageTest" time="228.461" errors="0" timestamp="2023-05-02T18:21:15 IST" skipped="0">
  <testcase classname="com.shawcontract.ui.tests.SearchPageTest" name="productsearch" time="228.461"/>
  <system-out/>
</testsuite> <!-- com.shawcontract.ui.tests.SearchPageTest -->
