<?xml version="1.0" encoding="UTF-8"?>
<!-- Generated by org.testng.reporters.JUnitReportReporter -->
<testsuite hostname="CGRLTPKOR111W11" failures="0" tests="1" name="com.shawcontract.ui.tests.ResilientTest" time="149.632" errors="0" timestamp="2023-05-09T18:42:47 IST" skipped="0">
  <testcase classname="com.shawcontract.ui.tests.ResilientTest" name="verifyResilientPage" time="149.632"/>
  <system-out/>
</testsuite> <!-- com.shawcontract.ui.tests.ResilientTest -->
