<?xml version="1.0" encoding="UTF-8"?>
<!-- Generated by org.testng.reporters.JUnitReportReporter -->
<testsuite hostname="szwue2vdengp060" failures="0" tests="1" name="com.shawclaimx.ui.roles.tests.AddRoleTest" time="48.997" errors="0" timestamp="2024-05-24T13:28:56 IST" skipped="0">
  <testcase classname="com.shawclaimx.ui.roles.tests.AddRoleTest" name="verifyRolePage" time="48.997">
    <system-out>
      <![CDATA[Add role button is clicked successfully
Role Code is entered successfully
Role Description is entered successfully
Role created succuessfully
First Permission is selected successfully from the select Permission Page under Add User Functionality
second Permission is selected successfully from the select Permission Page under Add User Functionality
Third Permission is selected successfully from the select Permission Page under Add User Functionality
Permission added to Role Successfully
First User is selected successfully from the select Permission Page under Add User Functionality
Second User is selected successfully from the select Permission Page under Add User Functionality
Third User is selected successfully from the select Permission Page under Add User Functionality
User added to this Role succuessfully
Navigated to  role list home page successfully
Expected rolecode entered successfully
edit role button is clicked successfully in the roles list page
User is added Sucessfully  through edit role functionality
The Role Page functionality test Passed Successfully]]>
    </system-out>
  </testcase> <!-- verifyRolePage -->
  <system-out>
    <![CDATA[Add role button is clicked successfully
Role Code is entered successfully
Role Description is entered successfully
Role created succuessfully
First Permission is selected successfully from the select Permission Page under Add User Functionality
second Permission is selected successfully from the select Permission Page under Add User Functionality
Third Permission is selected successfully from the select Permission Page under Add User Functionality
Permission added to Role Successfully
First User is selected successfully from the select Permission Page under Add User Functionality
Second User is selected successfully from the select Permission Page under Add User Functionality
Third User is selected successfully from the select Permission Page under Add User Functionality
User added to this Role succuessfully
Navigated to  role list home page successfully
Expected rolecode entered successfully
edit role button is clicked successfully in the roles list page
User is added Sucessfully  through edit role functionality
The Role Page functionality test Passed Successfully]]>
  </system-out>
</testsuite> <!-- com.shawclaimx.ui.roles.tests.AddRoleTest -->
