<?xml version="1.0" encoding="UTF-8"?>
<!-- Generated by org.testng.reporters.JUnitReportReporter -->
<testsuite hostname="CGRLTPKOR111W11" failures="0" tests="1" name="com.shawcontract.ui.tests.NewCollectionsTest" time="147.165" errors="0" timestamp="2023-05-04T13:37:25 IST" skipped="0">
  <testcase classname="com.shawcontract.ui.tests.NewCollectionsTest" name="verifynewcollectionsPage" time="147.165"/>
  <system-out/>
</testsuite> <!-- com.shawcontract.ui.tests.NewCollectionsTest -->
