<?xml version="1.0" encoding="UTF-8"?>
<!-- Generated by org.testng.reporters.JUnitReportReporter -->
<testsuite hostname="CGRLTPKOR111W11" failures="0" tests="2" name="com.shawcontract.ui.Boards2" time="242.296" errors="0" timestamp="2023-04-05T16:50:45 IST" skipped="0">
  <testcase classname="com.shawcontract.ui.Boards2" name="sorting" time="116.103"/>
  <system-out/>
  <testcase classname="com.shawcontract.ui.Boards2" name="engineeredhardwood" time="126.193"/>
  <system-out/>
</testsuite> <!-- com.shawcontract.ui.Boards2 -->
