<?xml version="1.0" encoding="UTF-8"?>
<!-- Generated by org.testng.reporters.JUnitReportReporter -->
<testsuite hostname="szwue2vdengp060" failures="0" tests="1" name="com.shawclaimx.ui.roles.tests.AddPermissionTest" time="31.784" errors="0" timestamp="2024-05-24T13:29:40 IST" skipped="0">
  <testcase classname="com.shawclaimx.ui.roles.tests.AddPermissionTest" name="verifyPermissionPage" time="31.784">
    <system-out>
      <![CDATA[Add Permission button is clicked successfully in the user l
Permission Code is entered successfully
Permission Description is entered successfully
Permission set page opened successfully
First Permission set is selected successfully
Second Permission set is selected successfully
Third Permission set is selected successfully
Permission set added to this Permission successfully
The PermissionPage functionality test Passed Successfully]]>
    </system-out>
  </testcase> <!-- verifyPermissionPage -->
  <system-out>
    <![CDATA[Add Permission button is clicked successfully in the user l
Permission Code is entered successfully
Permission Description is entered successfully
Permission set page opened successfully
First Permission set is selected successfully
Second Permission set is selected successfully
Third Permission set is selected successfully
Permission set added to this Permission successfully
The PermissionPage functionality test Passed Successfully]]>
  </system-out>
</testsuite> <!-- com.shawclaimx.ui.roles.tests.AddPermissionTest -->
