<?xml version="1.0" encoding="UTF-8"?>
<!-- Generated by org.testng.reporters.JUnitReportReporter -->
<testsuite hostname="szwue2vdengp060" failures="0" tests="1" name="com.shawclaimx.ui.claims.tests.ClaimsHappyPathTest" time="491.508" errors="1" timestamp="2024-03-26T14:11:21 IST" skipped="0">
  <testcase classname="com.shawclaimx.ui.claims.tests.ClaimsHappyPathTest" name="verifyClaimInitiationTestPage" time="491.508">
    <error message="no such element: Unable to locate element: {&quot;method&quot;:&quot;xpath&quot;,&quot;selector&quot;:&quot;//app-dashboard-card/div/div[1]/div/div/h3&quot;}
  (Session info: chrome=122.0.6261.131)
For documentation on this error, please visit: https://selenium.dev/exceptions/#no_such_element
Build info: version: &#039;4.7.1&#039;, revision: &#039;c6795baf1a3&#039;
System info: os.name: &#039;Windows 10&#039;, os.arch: &#039;amd64&#039;, os.version: &#039;10.0&#039;, java.version: &#039;17.0.6&#039;
Driver info: org.openqa.selenium.chrome.ChromeDriver
Command: [6e6084b8e6ca35a401751230f84c6fac, findElement {using=xpath, value=//app-dashboard-card/div/div[1]/div/div/h3}]
Capabilities {acceptInsecureCerts: false, browserName: chrome, browserVersion: 122.0.6261.131, chrome: {chromedriverVersion: 122.0.6261.111 (9d4c1072da6..., userDataDir: C:\Users\asivana\AppData\Lo...}, fedcm:accounts: true, goog:chromeOptions: {debuggerAddress: localhost:49535}, networkConnectionEnabled: false, pageLoadStrategy: normal, platformName: WINDOWS, proxy: Proxy(), se:cdp: ws://localhost:49535/devtoo..., se:cdpVersion: 122.0.6261.131, setWindowRect: true, strictFileInteractability: false, timeouts: {implicit: 0, pageLoad: 300000, script: 30000}, unhandledPromptBehavior: dismiss and notify, webauthn:extension:credBlob: true, webauthn:extension:largeBlob: true, webauthn:extension:minPinLength: true, webauthn:extension:prf: true, webauthn:virtualAuthenticators: true}
Session ID: 6e6084b8e6ca35a401751230f84c6fac" type="org.openqa.selenium.NoSuchElementException">
      <![CDATA[org.openqa.selenium.NoSuchElementException: no such element: Unable to locate element: {"method":"xpath","selector":"//app-dashboard-card/div/div[1]/div/div/h3"}
  (Session info: chrome=122.0.6261.131)
For documentation on this error, please visit: https://selenium.dev/exceptions/#no_such_element
Build info: version: '4.7.1', revision: 'c6795baf1a3'
System info: os.name: 'Windows 10', os.arch: 'amd64', os.version: '10.0', java.version: '17.0.6'
Driver info: org.openqa.selenium.chrome.ChromeDriver
Command: [6e6084b8e6ca35a401751230f84c6fac, findElement {using=xpath, value=//app-dashboard-card/div/div[1]/div/div/h3}]
Capabilities {acceptInsecureCerts: false, browserName: chrome, browserVersion: 122.0.6261.131, chrome: {chromedriverVersion: 122.0.6261.111 (9d4c1072da6..., userDataDir: C:\Users\asivana\AppData\Lo...}, fedcm:accounts: true, goog:chromeOptions: {debuggerAddress: localhost:49535}, networkConnectionEnabled: false, pageLoadStrategy: normal, platformName: WINDOWS, proxy: Proxy(), se:cdp: ws://localhost:49535/devtoo..., se:cdpVersion: 122.0.6261.131, setWindowRect: true, strictFileInteractability: false, timeouts: {implicit: 0, pageLoad: 300000, script: 30000}, unhandledPromptBehavior: dismiss and notify, webauthn:extension:credBlob: true, webauthn:extension:largeBlob: true, webauthn:extension:minPinLength: true, webauthn:extension:prf: true, webauthn:virtualAuthenticators: true}
Session ID: 6e6084b8e6ca35a401751230f84c6fac
at java.base/jdk.internal.reflect.NativeConstructorAccessorImpl.newInstance0(Native Method)
at java.base/jdk.internal.reflect.NativeConstructorAccessorImpl.newInstance(NativeConstructorAccessorImpl.java:77)
at java.base/jdk.internal.reflect.DelegatingConstructorAccessorImpl.newInstance(DelegatingConstructorAccessorImpl.java:45)
at java.base/java.lang.reflect.Constructor.newInstanceWithCaller(Constructor.java:499)
at java.base/java.lang.reflect.Constructor.newInstance(Constructor.java:480)
at org.openqa.selenium.remote.codec.w3c.W3CHttpResponseCodec.createException(W3CHttpResponseCodec.java:200)
at org.openqa.selenium.remote.codec.w3c.W3CHttpResponseCodec.decode(W3CHttpResponseCodec.java:133)
at org.openqa.selenium.remote.codec.w3c.W3CHttpResponseCodec.decode(W3CHttpResponseCodec.java:53)
at org.openqa.selenium.remote.HttpCommandExecutor.execute(HttpCommandExecutor.java:184)
at org.openqa.selenium.remote.service.DriverCommandExecutor.invokeExecute(DriverCommandExecutor.java:167)
at org.openqa.selenium.remote.service.DriverCommandExecutor.execute(DriverCommandExecutor.java:142)
at org.openqa.selenium.remote.RemoteWebDriver.execute(RemoteWebDriver.java:551)
at org.openqa.selenium.remote.ElementLocation$ElementFinder$2.findElement(ElementLocation.java:162)
at org.openqa.selenium.remote.ElementLocation.findElement(ElementLocation.java:60)
at org.openqa.selenium.remote.RemoteWebDriver.findElement(RemoteWebDriver.java:367)
at org.openqa.selenium.remote.RemoteWebDriver.findElement(RemoteWebDriver.java:359)
at com.shawclaimx.ui.dashboard.pages.Dashboard_Redirection_Page.workQueueButton(Dashboard_Redirection_Page.java:57)
at com.shawclaimx.ui.claims.tests.ClaimsHappyPathTest.verifyClaimInitiationTestPage(ClaimsHappyPathTest.java:135)
at java.base/jdk.internal.reflect.NativeMethodAccessorImpl.invoke0(Native Method)
at java.base/jdk.internal.reflect.NativeMethodAccessorImpl.invoke(NativeMethodAccessorImpl.java:77)
at java.base/jdk.internal.reflect.DelegatingMethodAccessorImpl.invoke(DelegatingMethodAccessorImpl.java:43)
at java.base/java.lang.reflect.Method.invoke(Method.java:568)
at org.testng.internal.invokers.MethodInvocationHelper.invokeMethod(MethodInvocationHelper.java:139)
at org.testng.internal.invokers.TestInvoker.invokeMethod(TestInvoker.java:664)
at org.testng.internal.invokers.TestInvoker.invokeTestMethod(TestInvoker.java:228)
at org.testng.internal.invokers.MethodRunner.runInSequence(MethodRunner.java:63)
at org.testng.internal.invokers.TestInvoker$MethodInvocationAgent.invoke(TestInvoker.java:961)
at org.testng.internal.invokers.TestInvoker.invokeTestMethods(TestInvoker.java:201)
at org.testng.internal.invokers.TestMethodWorker.invokeTestMethods(TestMethodWorker.java:148)
at org.testng.internal.invokers.TestMethodWorker.run(TestMethodWorker.java:128)
at java.base/java.util.ArrayList.forEach(ArrayList.java:1511)
at org.testng.TestRunner.privateRun(TestRunner.java:819)
at org.testng.TestRunner.run(TestRunner.java:619)
at org.testng.SuiteRunner.runTest(SuiteRunner.java:443)
at org.testng.SuiteRunner.runSequentially(SuiteRunner.java:437)
at org.testng.SuiteRunner.privateRun(SuiteRunner.java:397)
at org.testng.SuiteRunner.run(SuiteRunner.java:336)
at org.testng.SuiteRunnerWorker.runSuite(SuiteRunnerWorker.java:52)
at org.testng.SuiteRunnerWorker.run(SuiteRunnerWorker.java:95)
at org.testng.TestNG.runSuitesSequentially(TestNG.java:1301)
at org.testng.TestNG.runSuitesLocally(TestNG.java:1228)
at org.testng.TestNG.runSuites(TestNG.java:1134)
at org.testng.TestNG.run(TestNG.java:1101)
at org.testng.remote.AbstractRemoteTestNG.run(AbstractRemoteTestNG.java:115)
at org.testng.remote.RemoteTestNG.initAndRun(RemoteTestNG.java:251)
at org.testng.remote.RemoteTestNG.main(RemoteTestNG.java:77)
]]>
    </error>
    <system-out>
      <![CDATA[customerdetails information loaded Successfully for the selected customer #0112082
Reason code (D01 - YARN STREAKS - LENGTH WISE) selected successfully
Jobstop,add to watchlist toggle selected successfully
Continue Initiation button is clicked successfully & Prior claim summary screen is  getting displayed
Continue Initiation button is clicked successfully in the prior claim summary dialog box
Data entered successfully in the confidential claim notes text box
Claim is successfully initiated after clicking the  Initiation claim button 
Claim window is successfully closed 
InitiateClaimPage home page is redirected successfully 
All customerdetails informations loaded Successfully for the selected store number
Particular customerdetails information loaded Successfully for the selected store number 
Reason code (D01 - YARN STREAKS - LENGTH WISE) selected successfully
Jobstop,add to watchlist toggle selected successfully
Continue Initiation button is clicked successfully & Prior claim summary screen is  getting displayed
Continue Initiation button is clicked successfully in the prior claim summary dialog box
Data entered successfully in the confidential claim notes text box
Claim is successfully initiated after clicking the  Initiation claim button 
Claim window is successfully closed 
InitiateClaimPage home page is redirected successfully 
customerdetails information loaded Successfully for the selected customer #0112082
Invoice dialog box loaded Successfully for the selected customer number 
Particular invoice  information loaded Successfully for the selected customer number 
Reason code (D01 - YARN STREAKS - LENGTH WISE) selected successfully
Jobstop,add to watchlist toggle selected successfully
Continue Initiation button is clicked successfully & Prior claim summary screen is  getting displayed
Continue Initiation button is clicked successfully in the prior claim summary dialog box
Data entered is entered successfully in the confidential claim notes text box
Claim is successfully initiated after clicking the  Initiation claim button 
Claim window is successfully closed 
InitiateClaimPage home page is redirected successfully 
End User Claim or Customer Number Not Available button is Enabled
AddEditEndUserInformationButton is Selected
Firstname entered successfully
Middlename entered successfully
Lastname entered successfully
Companyname entered successfully
Email Address entered successfully
Addressline1 entered successfully
Addressline2 entered successfully
state is selected successfully
city  entered successfully
county entered successfully
postalcode is entered successfully
phoneBusinessNumber entered successfully
phoneBusinessNumber extension entered successfully
phoneHomeNumber entered successfully
phoneHomeNumber extension entered successfully
PhoneCellNumber  entered successfully
PhoneCellNumber extension  entered successfully
ADD button is  clicked successfully
Reason code (D01 - YARN STREAKS - LENGTH WISE) selected successfully
Jobstop,add to watchlist toggle selected successfully
Continue Initiation button is clicked successfully & Prior claim summary screen is  getting displayed
Continue Initiation button is clicked successfully in the prior claim summary dialog box
Data entered successfully in the confidential claim notes text box
Claim is successfully initiated after clicking the  Initiation claim button 
Claim window is successfully closed 
InitiateClaimPage home page is redirected successfully 
Claim initiation Test through customer number Passed Successfully 
customerdetails information loaded Successfully for the selected customer #0112082
Reason code (D01 - YARN STREAKS - LENGTH WISE) selected successfully
Jobstop,add to watchlist toggle selected successfully
Continue Initiation button is clicked successfully & Prior claim summary screen is  getting displayed
Continue Initiation button is clicked successfully in the prior claim summary dialog box
Data entered successfully in the confidential claim notes text box
Claim is successfully initiated after clicking the  Initiation claim button 
Work claim button clicked successfully & Claim details page is opened for the initiated claim
claim is reassigned successfully to the selected Administrator
changebutton near to the customer number textbox  is  clicked  successfully in the claim details page
Customer #0081443 is updated in the claim details page
customer number is  updated successfully in the claim details page
Initiated claim  is closed  successfully in the claim details page
Initiated claim  is reopened  successfully in the claim details page
InitiateClaimPage home page is redirected successfully 
dashboard page is again redirected successfully
Redirecting to WorkHistory page from dashboard page is passed successfully ]]>
    </system-out>
  </testcase> <!-- verifyClaimInitiationTestPage -->
  <system-out>
    <![CDATA[customerdetails information loaded Successfully for the selected customer #0112082
Reason code (D01 - YARN STREAKS - LENGTH WISE) selected successfully
Jobstop,add to watchlist toggle selected successfully
Continue Initiation button is clicked successfully & Prior claim summary screen is  getting displayed
Continue Initiation button is clicked successfully in the prior claim summary dialog box
Data entered successfully in the confidential claim notes text box
Claim is successfully initiated after clicking the  Initiation claim button 
Claim window is successfully closed 
InitiateClaimPage home page is redirected successfully 
All customerdetails informations loaded Successfully for the selected store number
Particular customerdetails information loaded Successfully for the selected store number 
Reason code (D01 - YARN STREAKS - LENGTH WISE) selected successfully
Jobstop,add to watchlist toggle selected successfully
Continue Initiation button is clicked successfully & Prior claim summary screen is  getting displayed
Continue Initiation button is clicked successfully in the prior claim summary dialog box
Data entered successfully in the confidential claim notes text box
Claim is successfully initiated after clicking the  Initiation claim button 
Claim window is successfully closed 
InitiateClaimPage home page is redirected successfully 
customerdetails information loaded Successfully for the selected customer #0112082
Invoice dialog box loaded Successfully for the selected customer number 
Particular invoice  information loaded Successfully for the selected customer number 
Reason code (D01 - YARN STREAKS - LENGTH WISE) selected successfully
Jobstop,add to watchlist toggle selected successfully
Continue Initiation button is clicked successfully & Prior claim summary screen is  getting displayed
Continue Initiation button is clicked successfully in the prior claim summary dialog box
Data entered is entered successfully in the confidential claim notes text box
Claim is successfully initiated after clicking the  Initiation claim button 
Claim window is successfully closed 
InitiateClaimPage home page is redirected successfully 
End User Claim or Customer Number Not Available button is Enabled
AddEditEndUserInformationButton is Selected
Firstname entered successfully
Middlename entered successfully
Lastname entered successfully
Companyname entered successfully
Email Address entered successfully
Addressline1 entered successfully
Addressline2 entered successfully
state is selected successfully
city  entered successfully
county entered successfully
postalcode is entered successfully
phoneBusinessNumber entered successfully
phoneBusinessNumber extension entered successfully
phoneHomeNumber entered successfully
phoneHomeNumber extension entered successfully
PhoneCellNumber  entered successfully
PhoneCellNumber extension  entered successfully
ADD button is  clicked successfully
Reason code (D01 - YARN STREAKS - LENGTH WISE) selected successfully
Jobstop,add to watchlist toggle selected successfully
Continue Initiation button is clicked successfully & Prior claim summary screen is  getting displayed
Continue Initiation button is clicked successfully in the prior claim summary dialog box
Data entered successfully in the confidential claim notes text box
Claim is successfully initiated after clicking the  Initiation claim button 
Claim window is successfully closed 
InitiateClaimPage home page is redirected successfully 
Claim initiation Test through customer number Passed Successfully 
customerdetails information loaded Successfully for the selected customer #0112082
Reason code (D01 - YARN STREAKS - LENGTH WISE) selected successfully
Jobstop,add to watchlist toggle selected successfully
Continue Initiation button is clicked successfully & Prior claim summary screen is  getting displayed
Continue Initiation button is clicked successfully in the prior claim summary dialog box
Data entered successfully in the confidential claim notes text box
Claim is successfully initiated after clicking the  Initiation claim button 
Work claim button clicked successfully & Claim details page is opened for the initiated claim
claim is reassigned successfully to the selected Administrator
changebutton near to the customer number textbox  is  clicked  successfully in the claim details page
Customer #0081443 is updated in the claim details page
customer number is  updated successfully in the claim details page
Initiated claim  is closed  successfully in the claim details page
Initiated claim  is reopened  successfully in the claim details page
InitiateClaimPage home page is redirected successfully 
dashboard page is again redirected successfully
Redirecting to WorkHistory page from dashboard page is passed successfully ]]>
  </system-out>
</testsuite> <!-- com.shawclaimx.ui.claims.tests.ClaimsHappyPathTest -->
