<?xml version="1.0" encoding="UTF-8"?>
<!-- Generated by org.testng.reporters.JUnitReportReporter -->
<testsuite hostname="CGRLTPKOR111W11" failures="0" tests="3" name="com.shawcontract.ui.Boards" time="532.363" errors="0" timestamp="2023-04-05T17:00:59 IST" skipped="0">
  <testcase classname="com.shawcontract.ui.Boards" name="carpettile" time="233.487"/>
  <system-out/>
  <testcase classname="com.shawcontract.ui.Boards" name="newcollections" time="148.760"/>
  <system-out/>
  <testcase classname="com.shawcontract.ui.Boards" name="customcollections" time="150.116"/>
  <system-out/>
</testsuite> <!-- com.shawcontract.ui.Boards -->
