<?xml version="1.0" encoding="UTF-8"?>
<!-- Generated by org.testng.reporters.JUnitReportReporter -->
<testsuite hostname="szwue2vdengp060" failures="0" tests="1" name="com.shawclaimx.ui.dashboard.tests.Dashboard_WorkhistoryTest" time="20.207" errors="0" timestamp="2024-03-23T11:21:55 IST" skipped="0">
  <testcase classname="com.shawclaimx.ui.dashboard.tests.Dashboard_WorkhistoryTest" name="verifyWorkHistoryWithDashboardPage" time="20.207"/>
</testsuite> <!-- com.shawclaimx.ui.dashboard.tests.Dashboard_WorkhistoryTest -->
