<?xml version="1.0" encoding="UTF-8"?>
<!-- Generated by org.testng.reporters.JUnitReportReporter -->
<testsuite hostname="szwue2vdengp060" failures="0" tests="1" name="com.shawclaimx.ui.claiminitiation.tests.HomePageTest" time="0.020" errors="0" timestamp="2024-03-23T07:42:19 IST" skipped="0">
  <testcase classname="com.shawclaimx.ui.claiminitiation.tests.HomePageTest" name="verifyHomePage" time="0.020"/>
</testsuite> <!-- com.shawclaimx.ui.claiminitiation.tests.HomePageTest -->
