<?xml version="1.0" encoding="UTF-8"?>
<!-- Generated by org.testng.reporters.JUnitReportReporter -->
<testsuite hostname="szwue2vdengp060" failures="0" tests="1" name="com.shawclaimx.ui.dashboard.tests.Dashboard_ReDirectionTest" time="26.483" errors="0" timestamp="2024-05-24T13:24:23 IST" skipped="0">
  <testcase classname="com.shawclaimx.ui.dashboard.tests.Dashboard_ReDirectionTest" name="verifyWorkHistoryWithDashboardPage" time="26.483">
    <system-out>
      <![CDATA[Redirecting to WorkHistory page from dashboard page is passed successfully 
dashboard page is again redirected successfully
Redirecting to WorkQueue page from dashboard page is passed successfully ]]>
    </system-out>
  </testcase> <!-- verifyWorkHistoryWithDashboardPage -->
  <system-out>
    <![CDATA[Redirecting to WorkHistory page from dashboard page is passed successfully 
dashboard page is again redirected successfully
Redirecting to WorkQueue page from dashboard page is passed successfully ]]>
  </system-out>
</testsuite> <!-- com.shawclaimx.ui.dashboard.tests.Dashboard_ReDirectionTest -->
