<?xml version="1.0" encoding="UTF-8"?>
<!-- Generated by org.testng.reporters.JUnitReportReporter -->
<testsuite hostname="CGRLTPKOR111W11" failures="0" tests="1" name="com.shawcontract.ui.tests.CustomCollectionsTest" time="135.145" errors="0" timestamp="2023-05-04T13:37:25 IST" skipped="0">
  <testcase classname="com.shawcontract.ui.tests.CustomCollectionsTest" name="verifycustomcollectionsPage" time="135.145"/>
  <system-out/>
</testsuite> <!-- com.shawcontract.ui.tests.CustomCollectionsTest -->
