<?xml version="1.0" encoding="UTF-8"?>
<!-- Generated by org.testng.reporters.JUnitReportReporter -->
<testsuite hostname="szwue2vdengp060" failures="0" tests="1" name="com.shawclaimx.ui.usermanagement.tests.AddUserInformationTest" time="124.220" errors="0" timestamp="2024-03-23T09:49:25 IST" skipped="0">
  <testcase classname="com.shawclaimx.ui.usermanagement.tests.AddUserInformationTest" name="verifyClaimInitiationTestWithCustomerNumberPage" time="124.220"/>
</testsuite> <!-- com.shawclaimx.ui.usermanagement.tests.AddUserInformationTest -->
