<?xml version="1.0" encoding="UTF-8"?>
<!-- Generated by org.testng.reporters.JUnitReportReporter -->
<testsuite hostname="szwue2vdengp060" failures="0" tests="1" name="com.shawclaimx.ui.claiminitiation.tests.ClaimInitiationWithStoreNumberTest" time="70.739" errors="0" timestamp="2024-03-23T23:09:19 IST" skipped="0">
  <testcase classname="com.shawclaimx.ui.claiminitiation.tests.ClaimInitiationWithStoreNumberTest" name="verifyClaimInitiationTestWithStoreNumberPage" time="70.739">
    <system-out>
      <![CDATA[All customerdetails informations loaded Successfully for the selected store number
Particular customerdetails information loaded Successfully for the selected store number 
Reason code (D01 - YARN STREAKS - LENGTH WISE) selected successfully
"Continue Initiation button is clicked successfully & Prior claim summary screen is  getting displayed
Continue Initiation button is clicked successfully in the prior claim summary dialog box
Data entered successfully in the confidential claim notes text box
Claim is successfully initiated after clicking the  Initiation claim button 
Claim window is successfully closed ]]>
    </system-out>
  </testcase> <!-- verifyClaimInitiationTestWithStoreNumberPage -->
  <system-out>
    <![CDATA[customerdetails information loaded Successfully for the selected customer #0112082
Reason code (D01 - YARN STREAKS - LENGTH WISE) selected successfully
"Continue Initiation button is clicked successfully & Prior claim summary screen is  getting displayed
Continue Initiation button is clicked successfully in the prior claim summary dialog box
Data entered successfully in the confidential claim notes text box
Claim is successfully initiated after clicking the  Initiation claim button 
Claim window is successfully closed 
All customerdetails informations loaded Successfully for the selected store number
Particular customerdetails information loaded Successfully for the selected store number 
Reason code (D01 - YARN STREAKS - LENGTH WISE) selected successfully
"Continue Initiation button is clicked successfully & Prior claim summary screen is  getting displayed
Continue Initiation button is clicked successfully in the prior claim summary dialog box
Data entered successfully in the confidential claim notes text box
Claim is successfully initiated after clicking the  Initiation claim button 
Claim window is successfully closed 
customerdetails information loaded Successfully for the selected customer #0112082
Invoice dialog box loaded Successfully for the selected customer number 
Particular invoice  information loaded Successfully for the selected customer number 
Reason code (D01 - YARN STREAKS - LENGTH WISE) selected successfully
"Continue Initiation button is clicked successfully & Prior claim summary screen is  getting displayed
Continue Initiation button is clicked successfully in the prior claim summary dialog box
Data entered is entered successfully in the confidential claim notes text box
Claim is successfully initiated after clicking the  Initiation claim button 
Claim window is successfully closed 
End User Claim or Customer Number Not Available button is Enabled
AddEditEndUserInformationButton is Selected
Firstname entered successfully
Middlename entered successfully
Lastname entered successfully
Companyname entered successfully
Email Address entered successfully
Addressline1 entered successfully
Addressline2 entered successfully
country selected successfully
state is selected successfully
city  entered successfully
county entered successfully
postalcode is entered successfully
phoneBusinessNumber entered successfully
phoneBusinessNumber extension entered successfully
phoneHomeNumber entered successfully
phoneHomeNumber extension entered successfully
PhoneCellNumber  entered successfully
PhoneCellNumber extension  entered successfully
ADD button is  clicked successfully
"Continue Initiation button is clicked successfully & Prior claim summary screen is  getting displayed
Continue Initiation button is clicked successfully in the prior claim summary dialog box
Data entered successfully in the confidential claim notes text box
Claim is successfully initiated after clicking the  Initiation claim button 
Claim window is successfully closed ]]>
  </system-out>
</testsuite> <!-- com.shawclaimx.ui.claiminitiation.tests.ClaimInitiationWithStoreNumberTest -->
